<?xml version="1.0" encoding="UTF-8"?>
<testng-results skipped="5" failed="1" ignored="0" total="10" passed="4">
  <reporter-output>
    <line>
      <![CDATA[Chrome is launching successfully]]>
    </line>
    <line>
      <![CDATA[Window is maximized successfully]]>
    </line>
    <line>
      <![CDATA[Login page is displayed successfully]]>
    </line>
    <line>
      <![CDATA[Homepage is displayed successfully]]>
    </line>
    <line>
      <![CDATA[user is logged out successfully]]>
    </line>
    <line>
      <![CDATA[Chrome is launching successfully]]>
    </line>
    <line>
      <![CDATA[Window is maximized successfully]]>
    </line>
    <line>
      <![CDATA[Login page is displayed successfully]]>
    </line>
    <line>
      <![CDATA[Homepage is displayed successfully]]>
    </line>
    <line>
      <![CDATA[Contact list page is displayed]]>
    </line>
    <line>
      <![CDATA[create new contact page is displayed]]>
    </line>
    <line>
      <![CDATA[orgnaization page is displayed successfully]]>
    </line>
    <line>
      <![CDATA[organization name is displayed successfully]]>
    </line>
    <line>
      <![CDATA[Contact is created successfully]]>
    </line>
    <line>
      <![CDATA[user is logged out successfully]]>
    </line>
    <line>
      <![CDATA[Chrome is launching successfully]]>
    </line>
    <line>
      <![CDATA[Window is maximized successfully]]>
    </line>
    <line>
      <![CDATA[Login page is displayed successfully]]>
    </line>
    <line>
      <![CDATA[Homepage is displayed successfully]]>
    </line>
    <line>
      <![CDATA[Contact list page is displayed]]>
    </line>
    <line>
      <![CDATA[user is logged out successfully]]>
    </line>
    <line>
      <![CDATA[Chrome is launching successfully]]>
    </line>
    <line>
      <![CDATA[Window is maximized successfully]]>
    </line>
    <line>
      <![CDATA[Login page is displayed successfully]]>
    </line>
    <line>
      <![CDATA[Homepage is displayed successfully]]>
    </line>
    <line>
      <![CDATA[Contact list page is displayed]]>
    </line>
    <line>
      <![CDATA[create new contact page is displayed]]>
    </line>
    <line>
      <![CDATA[contact is created with below msg[ CON** ] devika patel - Contact Information   Updated today Contact name should be display]]>
    </line>
    <line>
      <![CDATA[user is logged out successfully]]>
    </line>
    <line>
      <![CDATA[Chrome is launching successfully]]>
    </line>
    <line>
      <![CDATA[Window is maximized successfully]]>
    </line>
    <line>
      <![CDATA[Login page is displayed successfully]]>
    </line>
    <line>
      <![CDATA[Homepage is displayed successfully]]>
    </line>
    <line>
      <![CDATA[Contact list page is displayed]]>
    </line>
    <line>
      <![CDATA[create new contact page is displayed]]>
    </line>
    <line>
      <![CDATA[contact page is displayed]]>
    </line>
    <line>
      <![CDATA[contact name is displayed in contact information Page]]>
    </line>
    <line>
      <![CDATA[contact is created with below msg[ CON** ] devika patel - Contact Information   Updated today Contact name should be display]]>
    </line>
    <line>
      <![CDATA[user is logged out successfully]]>
    </line>
  </reporter-output>
  <suite name="Suite" duration-ms="181599" started-at="2021-05-04T17:24:34 IST" finished-at="2021-05-04T17:27:35 IST">
    <groups>
      <group name="case4">
        <method signature="TC_4Test.TC_4()[pri:0, instance:TestScript.TC_4Test@4eb7f003]" name="TC_4" class="TestScript.TC_4Test"/>
        <method signature="TC_4Test.TC_4()[pri:0, instance:TestScript.TC_4Test@289d1c02]" name="TC_4" class="TestScript.TC_4Test"/>
      </group> <!-- case4 -->
      <group name="case6">
        <method signature="TC_6Test.TC_6()[pri:0, instance:TestScript.TC_6Test@87f383f]" name="TC_6" class="TestScript.TC_6Test"/>
        <method signature="TC_6Test.TC_6()[pri:0, instance:TestScript.TC_6Test@2a70a3d8]" name="TC_6" class="TestScript.TC_6Test"/>
      </group> <!-- case6 -->
      <group name="casetwo">
        <method signature="TC_7Test.TC_7()[pri:0, instance:TestScript.TC_7Test@6121c9d6]" name="TC_7" class="TestScript.TC_7Test"/>
        <method signature="TC_7Test.TC_7()[pri:0, instance:TestScript.TC_7Test@75881071]" name="TC_7" class="TestScript.TC_7Test"/>
      </group> <!-- casetwo -->
    </groups>
    <test name="Test2" duration-ms="1021" started-at="2021-05-04T17:24:34 IST" finished-at="2021-05-04T17:24:35 IST">
      <class name="TestScript.TC_1Test">
        <test-method status="FAIL" signature="openApplication(java.lang.String)[pri:0, instance:TestScript.TC_1Test@c81cdd1]" name="openApplication" is-config="true" duration-ms="264" started-at="2021-05-04T17:24:34 IST" finished-at="2021-05-04T17:24:34 IST">
          <params>
            <param index="0">
              <value>
                <![CDATA[firefoxBrowser]]>
              </value>
            </param>
          </params>
          <exception class="java.lang.IllegalStateException">
            <message>
              <![CDATA[The path to the driver executable must be set by the webdriver.gecko.driver system property; for more information, see https://github.com/mozilla/geckodriver. The latest version can be downloaded from https://github.com/mozilla/geckodriver/releases]]>
            </message>
            <full-stacktrace>
              <![CDATA[java.lang.IllegalStateException: The path to the driver executable must be set by the webdriver.gecko.driver system property; for more information, see https://github.com/mozilla/geckodriver. The latest version can be downloaded from https://github.com/mozilla/geckodriver/releases
at com.google.common.base.Preconditions.checkState(Preconditions.java:847)
at org.openqa.selenium.remote.service.DriverService.findExecutable(DriverService.java:134)
at org.openqa.selenium.firefox.GeckoDriverService.access$100(GeckoDriverService.java:44)
at org.openqa.selenium.firefox.GeckoDriverService$Builder.findDefaultExecutable(GeckoDriverService.java:167)
at org.openqa.selenium.remote.service.DriverService$Builder.build(DriverService.java:355)
at org.openqa.selenium.firefox.FirefoxDriver.toExecutor(FirefoxDriver.java:190)
at org.openqa.selenium.firefox.FirefoxDriver.<init>(FirefoxDriver.java:147)
at org.openqa.selenium.firefox.FirefoxDriver.<init>(FirefoxDriver.java:125)
at TestScript.BaseTest.openApplication(BaseTest.java:38)
at sun.reflect.NativeMethodAccessorImpl.invoke0(Native Method)
at sun.reflect.NativeMethodAccessorImpl.invoke(Unknown Source)
at sun.reflect.DelegatingMethodAccessorImpl.invoke(Unknown Source)
at java.lang.reflect.Method.invoke(Unknown Source)
at org.testng.internal.MethodInvocationHelper.invokeMethod(MethodInvocationHelper.java:132)
at org.testng.internal.MethodInvocationHelper.invokeMethodConsideringTimeout(MethodInvocationHelper.java:61)
at org.testng.internal.ConfigInvoker.invokeConfigurationMethod(ConfigInvoker.java:366)
at org.testng.internal.ConfigInvoker.invokeConfigurations(ConfigInvoker.java:320)
at org.testng.internal.TestMethodWorker.invokeBeforeClassMethods(TestMethodWorker.java:176)
at org.testng.internal.TestMethodWorker.run(TestMethodWorker.java:122)
at java.util.ArrayList.forEach(Unknown Source)
at org.testng.TestRunner.privateRun(TestRunner.java:764)
at org.testng.TestRunner.run(TestRunner.java:585)
at org.testng.SuiteRunner.runTest(SuiteRunner.java:384)
at org.testng.SuiteRunner.access$000(SuiteRunner.java:28)
at org.testng.SuiteRunner$SuiteWorker.run(SuiteRunner.java:425)
at org.testng.internal.thread.ThreadUtil.lambda$execute$0(ThreadUtil.java:66)
at java.util.concurrent.FutureTask.run(Unknown Source)
at java.util.concurrent.ThreadPoolExecutor.runWorker(Unknown Source)
at java.util.concurrent.ThreadPoolExecutor$Worker.run(Unknown Source)
at java.lang.Thread.run(Unknown Source)
]]>
            </full-stacktrace>
          </exception> <!-- java.lang.IllegalStateException -->
          <reporter-output>
          </reporter-output>
        </test-method> <!-- openApplication -->
        <test-method status="SKIP" signature="loginToApplication()[pri:0, instance:TestScript.TC_1Test@c81cdd1]" name="loginToApplication" is-config="true" duration-ms="-1620129274445" started-at="2021-05-04T17:24:34 IST" finished-at="1970-01-01T05:30:00 IST">
          <reporter-output>
          </reporter-output>
        </test-method> <!-- loginToApplication -->
        <test-method status="SKIP" signature="TC_1()[pri:0, instance:TestScript.TC_1Test@c81cdd1]" name="TC_1" duration-ms="0" started-at="2021-05-04T17:24:34 IST" finished-at="2021-05-04T17:24:34 IST">
          <exception class="java.lang.IllegalStateException">
            <message>
              <![CDATA[The path to the driver executable must be set by the webdriver.gecko.driver system property; for more information, see https://github.com/mozilla/geckodriver. The latest version can be downloaded from https://github.com/mozilla/geckodriver/releases]]>
            </message>
            <full-stacktrace>
              <![CDATA[java.lang.IllegalStateException: The path to the driver executable must be set by the webdriver.gecko.driver system property; for more information, see https://github.com/mozilla/geckodriver. The latest version can be downloaded from https://github.com/mozilla/geckodriver/releases
at com.google.common.base.Preconditions.checkState(Preconditions.java:847)
at org.openqa.selenium.remote.service.DriverService.findExecutable(DriverService.java:134)
at org.openqa.selenium.firefox.GeckoDriverService.access$100(GeckoDriverService.java:44)
at org.openqa.selenium.firefox.GeckoDriverService$Builder.findDefaultExecutable(GeckoDriverService.java:167)
at org.openqa.selenium.remote.service.DriverService$Builder.build(DriverService.java:355)
at org.openqa.selenium.firefox.FirefoxDriver.toExecutor(FirefoxDriver.java:190)
at org.openqa.selenium.firefox.FirefoxDriver.<init>(FirefoxDriver.java:147)
at org.openqa.selenium.firefox.FirefoxDriver.<init>(FirefoxDriver.java:125)
at TestScript.BaseTest.openApplication(BaseTest.java:38)
at sun.reflect.NativeMethodAccessorImpl.invoke0(Native Method)
at sun.reflect.NativeMethodAccessorImpl.invoke(Unknown Source)
at sun.reflect.DelegatingMethodAccessorImpl.invoke(Unknown Source)
at java.lang.reflect.Method.invoke(Unknown Source)
at org.testng.internal.MethodInvocationHelper.invokeMethod(MethodInvocationHelper.java:132)
at org.testng.internal.MethodInvocationHelper.invokeMethodConsideringTimeout(MethodInvocationHelper.java:61)
at org.testng.internal.ConfigInvoker.invokeConfigurationMethod(ConfigInvoker.java:366)
at org.testng.internal.ConfigInvoker.invokeConfigurations(ConfigInvoker.java:320)
at org.testng.internal.TestMethodWorker.invokeBeforeClassMethods(TestMethodWorker.java:176)
at org.testng.internal.TestMethodWorker.run(TestMethodWorker.java:122)
at java.util.ArrayList.forEach(Unknown Source)
at org.testng.TestRunner.privateRun(TestRunner.java:764)
at org.testng.TestRunner.run(TestRunner.java:585)
at org.testng.SuiteRunner.runTest(SuiteRunner.java:384)
at org.testng.SuiteRunner.access$000(SuiteRunner.java:28)
at org.testng.SuiteRunner$SuiteWorker.run(SuiteRunner.java:425)
at org.testng.internal.thread.ThreadUtil.lambda$execute$0(ThreadUtil.java:66)
at java.util.concurrent.FutureTask.run(Unknown Source)
at java.util.concurrent.ThreadPoolExecutor.runWorker(Unknown Source)
at java.util.concurrent.ThreadPoolExecutor$Worker.run(Unknown Source)
at java.lang.Thread.run(Unknown Source)
]]>
            </full-stacktrace>
          </exception> <!-- java.lang.IllegalStateException -->
          <reporter-output>
          </reporter-output>
        </test-method> <!-- TC_1 -->
        <test-method status="SKIP" signature="logoutFromApplication()[pri:0, instance:TestScript.TC_1Test@c81cdd1]" name="logoutFromApplication" is-config="true" duration-ms="-1620129274514" started-at="2021-05-04T17:24:34 IST" finished-at="1970-01-01T05:30:00 IST">
          <reporter-output>
          </reporter-output>
        </test-method> <!-- logoutFromApplication -->
        <test-method status="SKIP" signature="CloseApp()[pri:0, instance:TestScript.TC_1Test@c81cdd1]" name="CloseApp" is-config="true" duration-ms="-1620129274518" started-at="2021-05-04T17:24:34 IST" finished-at="1970-01-01T05:30:00 IST">
          <reporter-output>
          </reporter-output>
        </test-method> <!-- CloseApp -->
      </class> <!-- TestScript.TC_1Test -->
      <class name="TestScript.TC_2Test">
        <test-method status="FAIL" signature="openApplication(java.lang.String)[pri:0, instance:TestScript.TC_2Test@1fc2b765]" name="openApplication" is-config="true" duration-ms="66" started-at="2021-05-04T17:24:34 IST" finished-at="2021-05-04T17:24:34 IST">
          <params>
            <param index="0">
              <value>
                <![CDATA[firefoxBrowser]]>
              </value>
            </param>
          </params>
          <exception class="java.lang.IllegalStateException">
            <message>
              <![CDATA[The path to the driver executable must be set by the webdriver.gecko.driver system property; for more information, see https://github.com/mozilla/geckodriver. The latest version can be downloaded from https://github.com/mozilla/geckodriver/releases]]>
            </message>
            <full-stacktrace>
              <![CDATA[java.lang.IllegalStateException: The path to the driver executable must be set by the webdriver.gecko.driver system property; for more information, see https://github.com/mozilla/geckodriver. The latest version can be downloaded from https://github.com/mozilla/geckodriver/releases
at com.google.common.base.Preconditions.checkState(Preconditions.java:847)
at org.openqa.selenium.remote.service.DriverService.findExecutable(DriverService.java:134)
at org.openqa.selenium.firefox.GeckoDriverService.access$100(GeckoDriverService.java:44)
at org.openqa.selenium.firefox.GeckoDriverService$Builder.findDefaultExecutable(GeckoDriverService.java:167)
at org.openqa.selenium.remote.service.DriverService$Builder.build(DriverService.java:355)
at org.openqa.selenium.firefox.FirefoxDriver.toExecutor(FirefoxDriver.java:190)
at org.openqa.selenium.firefox.FirefoxDriver.<init>(FirefoxDriver.java:147)
at org.openqa.selenium.firefox.FirefoxDriver.<init>(FirefoxDriver.java:125)
at TestScript.BaseTest.openApplication(BaseTest.java:38)
at sun.reflect.NativeMethodAccessorImpl.invoke0(Native Method)
at sun.reflect.NativeMethodAccessorImpl.invoke(Unknown Source)
at sun.reflect.DelegatingMethodAccessorImpl.invoke(Unknown Source)
at java.lang.reflect.Method.invoke(Unknown Source)
at org.testng.internal.MethodInvocationHelper.invokeMethod(MethodInvocationHelper.java:132)
at org.testng.internal.MethodInvocationHelper.invokeMethodConsideringTimeout(MethodInvocationHelper.java:61)
at org.testng.internal.ConfigInvoker.invokeConfigurationMethod(ConfigInvoker.java:366)
at org.testng.internal.ConfigInvoker.invokeConfigurations(ConfigInvoker.java:320)
at org.testng.internal.TestMethodWorker.invokeBeforeClassMethods(TestMethodWorker.java:176)
at org.testng.internal.TestMethodWorker.run(TestMethodWorker.java:122)
at java.util.ArrayList.forEach(Unknown Source)
at org.testng.TestRunner.privateRun(TestRunner.java:764)
at org.testng.TestRunner.run(TestRunner.java:585)
at org.testng.SuiteRunner.runTest(SuiteRunner.java:384)
at org.testng.SuiteRunner.access$000(SuiteRunner.java:28)
at org.testng.SuiteRunner$SuiteWorker.run(SuiteRunner.java:425)
at org.testng.internal.thread.ThreadUtil.lambda$execute$0(ThreadUtil.java:66)
at java.util.concurrent.FutureTask.run(Unknown Source)
at java.util.concurrent.ThreadPoolExecutor.runWorker(Unknown Source)
at java.util.concurrent.ThreadPoolExecutor$Worker.run(Unknown Source)
at java.lang.Thread.run(Unknown Source)
]]>
            </full-stacktrace>
          </exception> <!-- java.lang.IllegalStateException -->
          <reporter-output>
          </reporter-output>
        </test-method> <!-- openApplication -->
        <test-method status="SKIP" signature="loginToApplication()[pri:0, instance:TestScript.TC_2Test@1fc2b765]" name="loginToApplication" is-config="true" duration-ms="-1620129274616" started-at="2021-05-04T17:24:34 IST" finished-at="1970-01-01T05:30:00 IST">
          <reporter-output>
          </reporter-output>
        </test-method> <!-- loginToApplication -->
        <test-method status="SKIP" signature="TC_2()[pri:0, instance:TestScript.TC_2Test@1fc2b765]" name="TC_2" duration-ms="0" started-at="2021-05-04T17:24:34 IST" finished-at="2021-05-04T17:24:34 IST">
          <exception class="java.lang.IllegalStateException">
            <message>
              <![CDATA[The path to the driver executable must be set by the webdriver.gecko.driver system property; for more information, see https://github.com/mozilla/geckodriver. The latest version can be downloaded from https://github.com/mozilla/geckodriver/releases]]>
            </message>
            <full-stacktrace>
              <![CDATA[java.lang.IllegalStateException: The path to the driver executable must be set by the webdriver.gecko.driver system property; for more information, see https://github.com/mozilla/geckodriver. The latest version can be downloaded from https://github.com/mozilla/geckodriver/releases
at com.google.common.base.Preconditions.checkState(Preconditions.java:847)
at org.openqa.selenium.remote.service.DriverService.findExecutable(DriverService.java:134)
at org.openqa.selenium.firefox.GeckoDriverService.access$100(GeckoDriverService.java:44)
at org.openqa.selenium.firefox.GeckoDriverService$Builder.findDefaultExecutable(GeckoDriverService.java:167)
at org.openqa.selenium.remote.service.DriverService$Builder.build(DriverService.java:355)
at org.openqa.selenium.firefox.FirefoxDriver.toExecutor(FirefoxDriver.java:190)
at org.openqa.selenium.firefox.FirefoxDriver.<init>(FirefoxDriver.java:147)
at org.openqa.selenium.firefox.FirefoxDriver.<init>(FirefoxDriver.java:125)
at TestScript.BaseTest.openApplication(BaseTest.java:38)
at sun.reflect.NativeMethodAccessorImpl.invoke0(Native Method)
at sun.reflect.NativeMethodAccessorImpl.invoke(Unknown Source)
at sun.reflect.DelegatingMethodAccessorImpl.invoke(Unknown Source)
at java.lang.reflect.Method.invoke(Unknown Source)
at org.testng.internal.MethodInvocationHelper.invokeMethod(MethodInvocationHelper.java:132)
at org.testng.internal.MethodInvocationHelper.invokeMethodConsideringTimeout(MethodInvocationHelper.java:61)
at org.testng.internal.ConfigInvoker.invokeConfigurationMethod(ConfigInvoker.java:366)
at org.testng.internal.ConfigInvoker.invokeConfigurations(ConfigInvoker.java:320)
at org.testng.internal.TestMethodWorker.invokeBeforeClassMethods(TestMethodWorker.java:176)
at org.testng.internal.TestMethodWorker.run(TestMethodWorker.java:122)
at java.util.ArrayList.forEach(Unknown Source)
at org.testng.TestRunner.privateRun(TestRunner.java:764)
at org.testng.TestRunner.run(TestRunner.java:585)
at org.testng.SuiteRunner.runTest(SuiteRunner.java:384)
at org.testng.SuiteRunner.access$000(SuiteRunner.java:28)
at org.testng.SuiteRunner$SuiteWorker.run(SuiteRunner.java:425)
at org.testng.internal.thread.ThreadUtil.lambda$execute$0(ThreadUtil.java:66)
at java.util.concurrent.FutureTask.run(Unknown Source)
at java.util.concurrent.ThreadPoolExecutor.runWorker(Unknown Source)
at java.util.concurrent.ThreadPoolExecutor$Worker.run(Unknown Source)
at java.lang.Thread.run(Unknown Source)
]]>
            </full-stacktrace>
          </exception> <!-- java.lang.IllegalStateException -->
          <reporter-output>
          </reporter-output>
        </test-method> <!-- TC_2 -->
        <test-method status="SKIP" signature="logoutFromApplication()[pri:0, instance:TestScript.TC_2Test@1fc2b765]" name="logoutFromApplication" is-config="true" duration-ms="-1620129274656" started-at="2021-05-04T17:24:34 IST" finished-at="1970-01-01T05:30:00 IST">
          <reporter-output>
          </reporter-output>
        </test-method> <!-- logoutFromApplication -->
        <test-method status="SKIP" signature="CloseApp()[pri:0, instance:TestScript.TC_2Test@1fc2b765]" name="CloseApp" is-config="true" duration-ms="-1620129274660" started-at="2021-05-04T17:24:34 IST" finished-at="1970-01-01T05:30:00 IST">
          <reporter-output>
          </reporter-output>
        </test-method> <!-- CloseApp -->
      </class> <!-- TestScript.TC_2Test -->
      <class name="TestScript.TC_4Test">
        <test-method status="FAIL" signature="openApplication(java.lang.String)[pri:0, instance:TestScript.TC_4Test@289d1c02]" name="openApplication" is-config="true" duration-ms="55" started-at="2021-05-04T17:24:34 IST" finished-at="2021-05-04T17:24:34 IST">
          <params>
            <param index="0">
              <value>
                <![CDATA[firefoxBrowser]]>
              </value>
            </param>
          </params>
          <exception class="java.lang.IllegalStateException">
            <message>
              <![CDATA[The path to the driver executable must be set by the webdriver.gecko.driver system property; for more information, see https://github.com/mozilla/geckodriver. The latest version can be downloaded from https://github.com/mozilla/geckodriver/releases]]>
            </message>
            <full-stacktrace>
              <![CDATA[java.lang.IllegalStateException: The path to the driver executable must be set by the webdriver.gecko.driver system property; for more information, see https://github.com/mozilla/geckodriver. The latest version can be downloaded from https://github.com/mozilla/geckodriver/releases
at com.google.common.base.Preconditions.checkState(Preconditions.java:847)
at org.openqa.selenium.remote.service.DriverService.findExecutable(DriverService.java:134)
at org.openqa.selenium.firefox.GeckoDriverService.access$100(GeckoDriverService.java:44)
at org.openqa.selenium.firefox.GeckoDriverService$Builder.findDefaultExecutable(GeckoDriverService.java:167)
at org.openqa.selenium.remote.service.DriverService$Builder.build(DriverService.java:355)
at org.openqa.selenium.firefox.FirefoxDriver.toExecutor(FirefoxDriver.java:190)
at org.openqa.selenium.firefox.FirefoxDriver.<init>(FirefoxDriver.java:147)
at org.openqa.selenium.firefox.FirefoxDriver.<init>(FirefoxDriver.java:125)
at TestScript.BaseTest.openApplication(BaseTest.java:38)
at sun.reflect.NativeMethodAccessorImpl.invoke0(Native Method)
at sun.reflect.NativeMethodAccessorImpl.invoke(Unknown Source)
at sun.reflect.DelegatingMethodAccessorImpl.invoke(Unknown Source)
at java.lang.reflect.Method.invoke(Unknown Source)
at org.testng.internal.MethodInvocationHelper.invokeMethod(MethodInvocationHelper.java:132)
at org.testng.internal.MethodInvocationHelper.invokeMethodConsideringTimeout(MethodInvocationHelper.java:61)
at org.testng.internal.ConfigInvoker.invokeConfigurationMethod(ConfigInvoker.java:366)
at org.testng.internal.ConfigInvoker.invokeConfigurations(ConfigInvoker.java:320)
at org.testng.internal.TestMethodWorker.invokeBeforeClassMethods(TestMethodWorker.java:176)
at org.testng.internal.TestMethodWorker.run(TestMethodWorker.java:122)
at java.util.ArrayList.forEach(Unknown Source)
at org.testng.TestRunner.privateRun(TestRunner.java:764)
at org.testng.TestRunner.run(TestRunner.java:585)
at org.testng.SuiteRunner.runTest(SuiteRunner.java:384)
at org.testng.SuiteRunner.access$000(SuiteRunner.java:28)
at org.testng.SuiteRunner$SuiteWorker.run(SuiteRunner.java:425)
at org.testng.internal.thread.ThreadUtil.lambda$execute$0(ThreadUtil.java:66)
at java.util.concurrent.FutureTask.run(Unknown Source)
at java.util.concurrent.ThreadPoolExecutor.runWorker(Unknown Source)
at java.util.concurrent.ThreadPoolExecutor$Worker.run(Unknown Source)
at java.lang.Thread.run(Unknown Source)
]]>
            </full-stacktrace>
          </exception> <!-- java.lang.IllegalStateException -->
          <reporter-output>
          </reporter-output>
        </test-method> <!-- openApplication -->
        <test-method status="SKIP" signature="loginToApplication()[pri:0, instance:TestScript.TC_4Test@289d1c02]" name="loginToApplication" is-config="true" duration-ms="-1620129274997" started-at="2021-05-04T17:24:34 IST" finished-at="1970-01-01T05:30:00 IST">
          <reporter-output>
          </reporter-output>
        </test-method> <!-- loginToApplication -->
        <test-method status="SKIP" signature="TC_4()[pri:0, instance:TestScript.TC_4Test@289d1c02]" name="TC_4" duration-ms="0" started-at="2021-05-04T17:24:35 IST" finished-at="2021-05-04T17:24:35 IST">
          <exception class="java.lang.IllegalStateException">
            <message>
              <![CDATA[The path to the driver executable must be set by the webdriver.gecko.driver system property; for more information, see https://github.com/mozilla/geckodriver. The latest version can be downloaded from https://github.com/mozilla/geckodriver/releases]]>
            </message>
            <full-stacktrace>
              <![CDATA[java.lang.IllegalStateException: The path to the driver executable must be set by the webdriver.gecko.driver system property; for more information, see https://github.com/mozilla/geckodriver. The latest version can be downloaded from https://github.com/mozilla/geckodriver/releases
at com.google.common.base.Preconditions.checkState(Preconditions.java:847)
at org.openqa.selenium.remote.service.DriverService.findExecutable(DriverService.java:134)
at org.openqa.selenium.firefox.GeckoDriverService.access$100(GeckoDriverService.java:44)
at org.openqa.selenium.firefox.GeckoDriverService$Builder.findDefaultExecutable(GeckoDriverService.java:167)
at org.openqa.selenium.remote.service.DriverService$Builder.build(DriverService.java:355)
at org.openqa.selenium.firefox.FirefoxDriver.toExecutor(FirefoxDriver.java:190)
at org.openqa.selenium.firefox.FirefoxDriver.<init>(FirefoxDriver.java:147)
at org.openqa.selenium.firefox.FirefoxDriver.<init>(FirefoxDriver.java:125)
at TestScript.BaseTest.openApplication(BaseTest.java:38)
at sun.reflect.NativeMethodAccessorImpl.invoke0(Native Method)
at sun.reflect.NativeMethodAccessorImpl.invoke(Unknown Source)
at sun.reflect.DelegatingMethodAccessorImpl.invoke(Unknown Source)
at java.lang.reflect.Method.invoke(Unknown Source)
at org.testng.internal.MethodInvocationHelper.invokeMethod(MethodInvocationHelper.java:132)
at org.testng.internal.MethodInvocationHelper.invokeMethodConsideringTimeout(MethodInvocationHelper.java:61)
at org.testng.internal.ConfigInvoker.invokeConfigurationMethod(ConfigInvoker.java:366)
at org.testng.internal.ConfigInvoker.invokeConfigurations(ConfigInvoker.java:320)
at org.testng.internal.TestMethodWorker.invokeBeforeClassMethods(TestMethodWorker.java:176)
at org.testng.internal.TestMethodWorker.run(TestMethodWorker.java:122)
at java.util.ArrayList.forEach(Unknown Source)
at org.testng.TestRunner.privateRun(TestRunner.java:764)
at org.testng.TestRunner.run(TestRunner.java:585)
at org.testng.SuiteRunner.runTest(SuiteRunner.java:384)
at org.testng.SuiteRunner.access$000(SuiteRunner.java:28)
at org.testng.SuiteRunner$SuiteWorker.run(SuiteRunner.java:425)
at org.testng.internal.thread.ThreadUtil.lambda$execute$0(ThreadUtil.java:66)
at java.util.concurrent.FutureTask.run(Unknown Source)
at java.util.concurrent.ThreadPoolExecutor.runWorker(Unknown Source)
at java.util.concurrent.ThreadPoolExecutor$Worker.run(Unknown Source)
at java.lang.Thread.run(Unknown Source)
]]>
            </full-stacktrace>
          </exception> <!-- java.lang.IllegalStateException -->
          <reporter-output>
          </reporter-output>
        </test-method> <!-- TC_4 -->
        <test-method status="SKIP" signature="logoutFromApplication()[pri:0, instance:TestScript.TC_4Test@289d1c02]" name="logoutFromApplication" is-config="true" duration-ms="-1620129275016" started-at="2021-05-04T17:24:35 IST" finished-at="1970-01-01T05:30:00 IST">
          <reporter-output>
          </reporter-output>
        </test-method> <!-- logoutFromApplication -->
        <test-method status="SKIP" signature="CloseApp()[pri:0, instance:TestScript.TC_4Test@289d1c02]" name="CloseApp" is-config="true" duration-ms="-1620129275017" started-at="2021-05-04T17:24:35 IST" finished-at="1970-01-01T05:30:00 IST">
          <reporter-output>
          </reporter-output>
        </test-method> <!-- CloseApp -->
      </class> <!-- TestScript.TC_4Test -->
      <class name="TestScript.TC_7Test">
        <test-method status="FAIL" signature="openApplication(java.lang.String)[pri:0, instance:TestScript.TC_7Test@75881071]" name="openApplication" is-config="true" duration-ms="101" started-at="2021-05-04T17:24:34 IST" finished-at="2021-05-04T17:24:34 IST">
          <params>
            <param index="0">
              <value>
                <![CDATA[firefoxBrowser]]>
              </value>
            </param>
          </params>
          <exception class="java.lang.IllegalStateException">
            <message>
              <![CDATA[The path to the driver executable must be set by the webdriver.gecko.driver system property; for more information, see https://github.com/mozilla/geckodriver. The latest version can be downloaded from https://github.com/mozilla/geckodriver/releases]]>
            </message>
            <full-stacktrace>
              <![CDATA[java.lang.IllegalStateException: The path to the driver executable must be set by the webdriver.gecko.driver system property; for more information, see https://github.com/mozilla/geckodriver. The latest version can be downloaded from https://github.com/mozilla/geckodriver/releases
at com.google.common.base.Preconditions.checkState(Preconditions.java:847)
at org.openqa.selenium.remote.service.DriverService.findExecutable(DriverService.java:134)
at org.openqa.selenium.firefox.GeckoDriverService.access$100(GeckoDriverService.java:44)
at org.openqa.selenium.firefox.GeckoDriverService$Builder.findDefaultExecutable(GeckoDriverService.java:167)
at org.openqa.selenium.remote.service.DriverService$Builder.build(DriverService.java:355)
at org.openqa.selenium.firefox.FirefoxDriver.toExecutor(FirefoxDriver.java:190)
at org.openqa.selenium.firefox.FirefoxDriver.<init>(FirefoxDriver.java:147)
at org.openqa.selenium.firefox.FirefoxDriver.<init>(FirefoxDriver.java:125)
at TestScript.BaseTest.openApplication(BaseTest.java:38)
at sun.reflect.NativeMethodAccessorImpl.invoke0(Native Method)
at sun.reflect.NativeMethodAccessorImpl.invoke(Unknown Source)
at sun.reflect.DelegatingMethodAccessorImpl.invoke(Unknown Source)
at java.lang.reflect.Method.invoke(Unknown Source)
at org.testng.internal.MethodInvocationHelper.invokeMethod(MethodInvocationHelper.java:132)
at org.testng.internal.MethodInvocationHelper.invokeMethodConsideringTimeout(MethodInvocationHelper.java:61)
at org.testng.internal.ConfigInvoker.invokeConfigurationMethod(ConfigInvoker.java:366)
at org.testng.internal.ConfigInvoker.invokeConfigurations(ConfigInvoker.java:320)
at org.testng.internal.TestMethodWorker.invokeBeforeClassMethods(TestMethodWorker.java:176)
at org.testng.internal.TestMethodWorker.run(TestMethodWorker.java:122)
at java.util.ArrayList.forEach(Unknown Source)
at org.testng.TestRunner.privateRun(TestRunner.java:764)
at org.testng.TestRunner.run(TestRunner.java:585)
at org.testng.SuiteRunner.runTest(SuiteRunner.java:384)
at org.testng.SuiteRunner.access$000(SuiteRunner.java:28)
at org.testng.SuiteRunner$SuiteWorker.run(SuiteRunner.java:425)
at org.testng.internal.thread.ThreadUtil.lambda$execute$0(ThreadUtil.java:66)
at java.util.concurrent.FutureTask.run(Unknown Source)
at java.util.concurrent.ThreadPoolExecutor.runWorker(Unknown Source)
at java.util.concurrent.ThreadPoolExecutor$Worker.run(Unknown Source)
at java.lang.Thread.run(Unknown Source)
]]>
            </full-stacktrace>
          </exception> <!-- java.lang.IllegalStateException -->
          <reporter-output>
          </reporter-output>
        </test-method> <!-- openApplication -->
        <test-method status="SKIP" signature="loginToApplication()[pri:0, instance:TestScript.TC_7Test@75881071]" name="loginToApplication" is-config="true" duration-ms="-1620129274802" started-at="2021-05-04T17:24:34 IST" finished-at="1970-01-01T05:30:00 IST">
          <reporter-output>
          </reporter-output>
        </test-method> <!-- loginToApplication -->
        <test-method status="SKIP" signature="TC_7()[pri:0, instance:TestScript.TC_7Test@75881071]" name="TC_7" duration-ms="0" started-at="2021-05-04T17:24:34 IST" finished-at="2021-05-04T17:24:34 IST">
          <exception class="java.lang.IllegalStateException">
            <message>
              <![CDATA[The path to the driver executable must be set by the webdriver.gecko.driver system property; for more information, see https://github.com/mozilla/geckodriver. The latest version can be downloaded from https://github.com/mozilla/geckodriver/releases]]>
            </message>
            <full-stacktrace>
              <![CDATA[java.lang.IllegalStateException: The path to the driver executable must be set by the webdriver.gecko.driver system property; for more information, see https://github.com/mozilla/geckodriver. The latest version can be downloaded from https://github.com/mozilla/geckodriver/releases
at com.google.common.base.Preconditions.checkState(Preconditions.java:847)
at org.openqa.selenium.remote.service.DriverService.findExecutable(DriverService.java:134)
at org.openqa.selenium.firefox.GeckoDriverService.access$100(GeckoDriverService.java:44)
at org.openqa.selenium.firefox.GeckoDriverService$Builder.findDefaultExecutable(GeckoDriverService.java:167)
at org.openqa.selenium.remote.service.DriverService$Builder.build(DriverService.java:355)
at org.openqa.selenium.firefox.FirefoxDriver.toExecutor(FirefoxDriver.java:190)
at org.openqa.selenium.firefox.FirefoxDriver.<init>(FirefoxDriver.java:147)
at org.openqa.selenium.firefox.FirefoxDriver.<init>(FirefoxDriver.java:125)
at TestScript.BaseTest.openApplication(BaseTest.java:38)
at sun.reflect.NativeMethodAccessorImpl.invoke0(Native Method)
at sun.reflect.NativeMethodAccessorImpl.invoke(Unknown Source)
at sun.reflect.DelegatingMethodAccessorImpl.invoke(Unknown Source)
at java.lang.reflect.Method.invoke(Unknown Source)
at org.testng.internal.MethodInvocationHelper.invokeMethod(MethodInvocationHelper.java:132)
at org.testng.internal.MethodInvocationHelper.invokeMethodConsideringTimeout(MethodInvocationHelper.java:61)
at org.testng.internal.ConfigInvoker.invokeConfigurationMethod(ConfigInvoker.java:366)
at org.testng.internal.ConfigInvoker.invokeConfigurations(ConfigInvoker.java:320)
at org.testng.internal.TestMethodWorker.invokeBeforeClassMethods(TestMethodWorker.java:176)
at org.testng.internal.TestMethodWorker.run(TestMethodWorker.java:122)
at java.util.ArrayList.forEach(Unknown Source)
at org.testng.TestRunner.privateRun(TestRunner.java:764)
at org.testng.TestRunner.run(TestRunner.java:585)
at org.testng.SuiteRunner.runTest(SuiteRunner.java:384)
at org.testng.SuiteRunner.access$000(SuiteRunner.java:28)
at org.testng.SuiteRunner$SuiteWorker.run(SuiteRunner.java:425)
at org.testng.internal.thread.ThreadUtil.lambda$execute$0(ThreadUtil.java:66)
at java.util.concurrent.FutureTask.run(Unknown Source)
at java.util.concurrent.ThreadPoolExecutor.runWorker(Unknown Source)
at java.util.concurrent.ThreadPoolExecutor$Worker.run(Unknown Source)
at java.lang.Thread.run(Unknown Source)
]]>
            </full-stacktrace>
          </exception> <!-- java.lang.IllegalStateException -->
          <reporter-output>
          </reporter-output>
        </test-method> <!-- TC_7 -->
        <test-method status="SKIP" signature="logoutFromApplication()[pri:0, instance:TestScript.TC_7Test@75881071]" name="logoutFromApplication" is-config="true" duration-ms="-1620129274841" started-at="2021-05-04T17:24:34 IST" finished-at="1970-01-01T05:30:00 IST">
          <reporter-output>
          </reporter-output>
        </test-method> <!-- logoutFromApplication -->
        <test-method status="SKIP" signature="CloseApp()[pri:0, instance:TestScript.TC_7Test@75881071]" name="CloseApp" is-config="true" duration-ms="-1620129274843" started-at="2021-05-04T17:24:34 IST" finished-at="1970-01-01T05:30:00 IST">
          <reporter-output>
          </reporter-output>
        </test-method> <!-- CloseApp -->
      </class> <!-- TestScript.TC_7Test -->
      <class name="TestScript.TC_6Test">
        <test-method status="FAIL" signature="openApplication(java.lang.String)[pri:0, instance:TestScript.TC_6Test@2a70a3d8]" name="openApplication" is-config="true" duration-ms="43" started-at="2021-05-04T17:24:34 IST" finished-at="2021-05-04T17:24:34 IST">
          <params>
            <param index="0">
              <value>
                <![CDATA[firefoxBrowser]]>
              </value>
            </param>
          </params>
          <exception class="java.lang.IllegalStateException">
            <message>
              <![CDATA[The path to the driver executable must be set by the webdriver.gecko.driver system property; for more information, see https://github.com/mozilla/geckodriver. The latest version can be downloaded from https://github.com/mozilla/geckodriver/releases]]>
            </message>
            <full-stacktrace>
              <![CDATA[java.lang.IllegalStateException: The path to the driver executable must be set by the webdriver.gecko.driver system property; for more information, see https://github.com/mozilla/geckodriver. The latest version can be downloaded from https://github.com/mozilla/geckodriver/releases
at com.google.common.base.Preconditions.checkState(Preconditions.java:847)
at org.openqa.selenium.remote.service.DriverService.findExecutable(DriverService.java:134)
at org.openqa.selenium.firefox.GeckoDriverService.access$100(GeckoDriverService.java:44)
at org.openqa.selenium.firefox.GeckoDriverService$Builder.findDefaultExecutable(GeckoDriverService.java:167)
at org.openqa.selenium.remote.service.DriverService$Builder.build(DriverService.java:355)
at org.openqa.selenium.firefox.FirefoxDriver.toExecutor(FirefoxDriver.java:190)
at org.openqa.selenium.firefox.FirefoxDriver.<init>(FirefoxDriver.java:147)
at org.openqa.selenium.firefox.FirefoxDriver.<init>(FirefoxDriver.java:125)
at TestScript.BaseTest.openApplication(BaseTest.java:38)
at sun.reflect.NativeMethodAccessorImpl.invoke0(Native Method)
at sun.reflect.NativeMethodAccessorImpl.invoke(Unknown Source)
at sun.reflect.DelegatingMethodAccessorImpl.invoke(Unknown Source)
at java.lang.reflect.Method.invoke(Unknown Source)
at org.testng.internal.MethodInvocationHelper.invokeMethod(MethodInvocationHelper.java:132)
at org.testng.internal.MethodInvocationHelper.invokeMethodConsideringTimeout(MethodInvocationHelper.java:61)
at org.testng.internal.ConfigInvoker.invokeConfigurationMethod(ConfigInvoker.java:366)
at org.testng.internal.ConfigInvoker.invokeConfigurations(ConfigInvoker.java:320)
at org.testng.internal.TestMethodWorker.invokeBeforeClassMethods(TestMethodWorker.java:176)
at org.testng.internal.TestMethodWorker.run(TestMethodWorker.java:122)
at java.util.ArrayList.forEach(Unknown Source)
at org.testng.TestRunner.privateRun(TestRunner.java:764)
at org.testng.TestRunner.run(TestRunner.java:585)
at org.testng.SuiteRunner.runTest(SuiteRunner.java:384)
at org.testng.SuiteRunner.access$000(SuiteRunner.java:28)
at org.testng.SuiteRunner$SuiteWorker.run(SuiteRunner.java:425)
at org.testng.internal.thread.ThreadUtil.lambda$execute$0(ThreadUtil.java:66)
at java.util.concurrent.FutureTask.run(Unknown Source)
at java.util.concurrent.ThreadPoolExecutor.runWorker(Unknown Source)
at java.util.concurrent.ThreadPoolExecutor$Worker.run(Unknown Source)
at java.lang.Thread.run(Unknown Source)
]]>
            </full-stacktrace>
          </exception> <!-- java.lang.IllegalStateException -->
          <reporter-output>
          </reporter-output>
        </test-method> <!-- openApplication -->
        <test-method status="SKIP" signature="loginToApplication()[pri:0, instance:TestScript.TC_6Test@2a70a3d8]" name="loginToApplication" is-config="true" duration-ms="-1620129274899" started-at="2021-05-04T17:24:34 IST" finished-at="1970-01-01T05:30:00 IST">
          <reporter-output>
          </reporter-output>
        </test-method> <!-- loginToApplication -->
        <test-method status="SKIP" signature="TC_6()[pri:0, instance:TestScript.TC_6Test@2a70a3d8]" name="TC_6" duration-ms="0" started-at="2021-05-04T17:24:34 IST" finished-at="2021-05-04T17:24:34 IST">
          <exception class="java.lang.IllegalStateException">
            <message>
              <![CDATA[The path to the driver executable must be set by the webdriver.gecko.driver system property; for more information, see https://github.com/mozilla/geckodriver. The latest version can be downloaded from https://github.com/mozilla/geckodriver/releases]]>
            </message>
            <full-stacktrace>
              <![CDATA[java.lang.IllegalStateException: The path to the driver executable must be set by the webdriver.gecko.driver system property; for more information, see https://github.com/mozilla/geckodriver. The latest version can be downloaded from https://github.com/mozilla/geckodriver/releases
at com.google.common.base.Preconditions.checkState(Preconditions.java:847)
at org.openqa.selenium.remote.service.DriverService.findExecutable(DriverService.java:134)
at org.openqa.selenium.firefox.GeckoDriverService.access$100(GeckoDriverService.java:44)
at org.openqa.selenium.firefox.GeckoDriverService$Builder.findDefaultExecutable(GeckoDriverService.java:167)
at org.openqa.selenium.remote.service.DriverService$Builder.build(DriverService.java:355)
at org.openqa.selenium.firefox.FirefoxDriver.toExecutor(FirefoxDriver.java:190)
at org.openqa.selenium.firefox.FirefoxDriver.<init>(FirefoxDriver.java:147)
at org.openqa.selenium.firefox.FirefoxDriver.<init>(FirefoxDriver.java:125)
at TestScript.BaseTest.openApplication(BaseTest.java:38)
at sun.reflect.NativeMethodAccessorImpl.invoke0(Native Method)
at sun.reflect.NativeMethodAccessorImpl.invoke(Unknown Source)
at sun.reflect.DelegatingMethodAccessorImpl.invoke(Unknown Source)
at java.lang.reflect.Method.invoke(Unknown Source)
at org.testng.internal.MethodInvocationHelper.invokeMethod(MethodInvocationHelper.java:132)
at org.testng.internal.MethodInvocationHelper.invokeMethodConsideringTimeout(MethodInvocationHelper.java:61)
at org.testng.internal.ConfigInvoker.invokeConfigurationMethod(ConfigInvoker.java:366)
at org.testng.internal.ConfigInvoker.invokeConfigurations(ConfigInvoker.java:320)
at org.testng.internal.TestMethodWorker.invokeBeforeClassMethods(TestMethodWorker.java:176)
at org.testng.internal.TestMethodWorker.run(TestMethodWorker.java:122)
at java.util.ArrayList.forEach(Unknown Source)
at org.testng.TestRunner.privateRun(TestRunner.java:764)
at org.testng.TestRunner.run(TestRunner.java:585)
at org.testng.SuiteRunner.runTest(SuiteRunner.java:384)
at org.testng.SuiteRunner.access$000(SuiteRunner.java:28)
at org.testng.SuiteRunner$SuiteWorker.run(SuiteRunner.java:425)
at org.testng.internal.thread.ThreadUtil.lambda$execute$0(ThreadUtil.java:66)
at java.util.concurrent.FutureTask.run(Unknown Source)
at java.util.concurrent.ThreadPoolExecutor.runWorker(Unknown Source)
at java.util.concurrent.ThreadPoolExecutor$Worker.run(Unknown Source)
at java.lang.Thread.run(Unknown Source)
]]>
            </full-stacktrace>
          </exception> <!-- java.lang.IllegalStateException -->
          <reporter-output>
          </reporter-output>
        </test-method> <!-- TC_6 -->
        <test-method status="SKIP" signature="logoutFromApplication()[pri:0, instance:TestScript.TC_6Test@2a70a3d8]" name="logoutFromApplication" is-config="true" duration-ms="-1620129274915" started-at="2021-05-04T17:24:34 IST" finished-at="1970-01-01T05:30:00 IST">
          <reporter-output>
          </reporter-output>
        </test-method> <!-- logoutFromApplication -->
        <test-method status="SKIP" signature="CloseApp()[pri:0, instance:TestScript.TC_6Test@2a70a3d8]" name="CloseApp" is-config="true" duration-ms="-1620129274919" started-at="2021-05-04T17:24:34 IST" finished-at="1970-01-01T05:30:00 IST">
          <reporter-output>
          </reporter-output>
        </test-method> <!-- CloseApp -->
      </class> <!-- TestScript.TC_6Test -->
    </test> <!-- Test2 -->
    <test name="Test1" duration-ms="181599" started-at="2021-05-04T17:24:34 IST" finished-at="2021-05-04T17:27:35 IST">
      <class name="TestScript.TC_1Test">
        <test-method status="PASS" signature="openApplication(java.lang.String)[pri:0, instance:TestScript.TC_1Test@4d3167f4]" name="openApplication" is-config="true" duration-ms="8887" started-at="2021-05-04T17:24:34 IST" finished-at="2021-05-04T17:24:42 IST">
          <params>
            <param index="0">
              <value>
                <![CDATA[chromeBrowser]]>
              </value>
            </param>
          </params>
          <reporter-output>
            <line>
              <![CDATA[Chrome is launching successfully]]>
            </line>
            <line>
              <![CDATA[Window is maximized successfully]]>
            </line>
            <line>
              <![CDATA[Login page is displayed successfully]]>
            </line>
          </reporter-output>
        </test-method> <!-- openApplication -->
        <test-method status="PASS" signature="loginToApplication()[pri:0, instance:TestScript.TC_1Test@4d3167f4]" name="loginToApplication" is-config="true" duration-ms="5524" started-at="2021-05-04T17:24:42 IST" finished-at="2021-05-04T17:24:48 IST">
          <reporter-output>
            <line>
              <![CDATA[Homepage is displayed successfully]]>
            </line>
          </reporter-output>
        </test-method> <!-- loginToApplication -->
        <test-method status="PASS" signature="TC_1()[pri:0, instance:TestScript.TC_1Test@4d3167f4]" name="TC_1" duration-ms="13782" started-at="2021-05-04T17:24:48 IST" finished-at="2021-05-04T17:25:02 IST">
          <reporter-output>
          </reporter-output>
        </test-method> <!-- TC_1 -->
        <test-method status="PASS" signature="logoutFromApplication()[pri:0, instance:TestScript.TC_1Test@4d3167f4]" name="logoutFromApplication" is-config="true" duration-ms="3199" started-at="2021-05-04T17:25:02 IST" finished-at="2021-05-04T17:25:05 IST">
          <reporter-output>
            <line>
              <![CDATA[user is logged out successfully]]>
            </line>
          </reporter-output>
        </test-method> <!-- logoutFromApplication -->
        <test-method status="PASS" signature="CloseApp()[pri:0, instance:TestScript.TC_1Test@4d3167f4]" name="CloseApp" is-config="true" duration-ms="1457" started-at="2021-05-04T17:25:05 IST" finished-at="2021-05-04T17:25:06 IST">
          <reporter-output>
          </reporter-output>
        </test-method> <!-- CloseApp -->
      </class> <!-- TestScript.TC_1Test -->
      <class name="TestScript.TC_2Test">
        <test-method status="PASS" signature="openApplication(java.lang.String)[pri:0, instance:TestScript.TC_2Test@ed9d034]" name="openApplication" is-config="true" duration-ms="5541" started-at="2021-05-04T17:25:06 IST" finished-at="2021-05-04T17:25:12 IST">
          <params>
            <param index="0">
              <value>
                <![CDATA[chromeBrowser]]>
              </value>
            </param>
          </params>
          <reporter-output>
            <line>
              <![CDATA[Chrome is launching successfully]]>
            </line>
            <line>
              <![CDATA[Window is maximized successfully]]>
            </line>
            <line>
              <![CDATA[Login page is displayed successfully]]>
            </line>
          </reporter-output>
        </test-method> <!-- openApplication -->
        <test-method status="PASS" signature="loginToApplication()[pri:0, instance:TestScript.TC_2Test@ed9d034]" name="loginToApplication" is-config="true" duration-ms="4770" started-at="2021-05-04T17:25:12 IST" finished-at="2021-05-04T17:25:17 IST">
          <reporter-output>
            <line>
              <![CDATA[Homepage is displayed successfully]]>
            </line>
          </reporter-output>
        </test-method> <!-- loginToApplication -->
        <test-method status="PASS" signature="TC_2()[pri:0, instance:TestScript.TC_2Test@ed9d034]" name="TC_2" duration-ms="23069" started-at="2021-05-04T17:25:17 IST" finished-at="2021-05-04T17:25:40 IST">
          <reporter-output>
            <line>
              <![CDATA[Contact list page is displayed]]>
            </line>
            <line>
              <![CDATA[create new contact page is displayed]]>
            </line>
            <line>
              <![CDATA[orgnaization page is displayed successfully]]>
            </line>
            <line>
              <![CDATA[organization name is displayed successfully]]>
            </line>
            <line>
              <![CDATA[Contact is created successfully]]>
            </line>
          </reporter-output>
        </test-method> <!-- TC_2 -->
        <test-method status="PASS" signature="logoutFromApplication()[pri:0, instance:TestScript.TC_2Test@ed9d034]" name="logoutFromApplication" is-config="true" duration-ms="2032" started-at="2021-05-04T17:25:40 IST" finished-at="2021-05-04T17:25:42 IST">
          <reporter-output>
            <line>
              <![CDATA[user is logged out successfully]]>
            </line>
          </reporter-output>
        </test-method> <!-- logoutFromApplication -->
        <test-method status="PASS" signature="CloseApp()[pri:0, instance:TestScript.TC_2Test@ed9d034]" name="CloseApp" is-config="true" duration-ms="1441" started-at="2021-05-04T17:25:42 IST" finished-at="2021-05-04T17:25:43 IST">
          <reporter-output>
          </reporter-output>
        </test-method> <!-- CloseApp -->
      </class> <!-- TestScript.TC_2Test -->
      <class name="TestScript.TC_4Test">
        <test-method status="PASS" signature="openApplication(java.lang.String)[pri:0, instance:TestScript.TC_4Test@4eb7f003]" name="openApplication" is-config="true" duration-ms="7426" started-at="2021-05-04T17:26:59 IST" finished-at="2021-05-04T17:27:06 IST">
          <params>
            <param index="0">
              <value>
                <![CDATA[chromeBrowser]]>
              </value>
            </param>
          </params>
          <reporter-output>
            <line>
              <![CDATA[Chrome is launching successfully]]>
            </line>
            <line>
              <![CDATA[Window is maximized successfully]]>
            </line>
            <line>
              <![CDATA[Login page is displayed successfully]]>
            </line>
          </reporter-output>
        </test-method> <!-- openApplication -->
        <test-method status="PASS" signature="loginToApplication()[pri:0, instance:TestScript.TC_4Test@4eb7f003]" name="loginToApplication" is-config="true" duration-ms="5399" started-at="2021-05-04T17:27:06 IST" finished-at="2021-05-04T17:27:12 IST">
          <reporter-output>
            <line>
              <![CDATA[Homepage is displayed successfully]]>
            </line>
          </reporter-output>
        </test-method> <!-- loginToApplication -->
        <test-method status="PASS" signature="TC_4()[pri:0, instance:TestScript.TC_4Test@4eb7f003]" name="TC_4" duration-ms="19883" started-at="2021-05-04T17:27:12 IST" finished-at="2021-05-04T17:27:32 IST">
          <reporter-output>
            <line>
              <![CDATA[Contact list page is displayed]]>
            </line>
            <line>
              <![CDATA[create new contact page is displayed]]>
            </line>
            <line>
              <![CDATA[contact page is displayed]]>
            </line>
            <line>
              <![CDATA[contact name is displayed in contact information Page]]>
            </line>
            <line>
              <![CDATA[contact is created with below msg[ CON** ] devika patel - Contact Information   Updated today Contact name should be display]]>
            </line>
          </reporter-output>
        </test-method> <!-- TC_4 -->
        <test-method status="PASS" signature="logoutFromApplication()[pri:0, instance:TestScript.TC_4Test@4eb7f003]" name="logoutFromApplication" is-config="true" duration-ms="2298" started-at="2021-05-04T17:27:32 IST" finished-at="2021-05-04T17:27:34 IST">
          <reporter-output>
            <line>
              <![CDATA[user is logged out successfully]]>
            </line>
          </reporter-output>
        </test-method> <!-- logoutFromApplication -->
        <test-method status="PASS" signature="CloseApp()[pri:0, instance:TestScript.TC_4Test@4eb7f003]" name="CloseApp" is-config="true" duration-ms="1132" started-at="2021-05-04T17:27:34 IST" finished-at="2021-05-04T17:27:35 IST">
          <reporter-output>
          </reporter-output>
        </test-method> <!-- CloseApp -->
      </class> <!-- TestScript.TC_4Test -->
      <class name="TestScript.TC_7Test">
        <test-method status="PASS" signature="openApplication(java.lang.String)[pri:0, instance:TestScript.TC_7Test@6121c9d6]" name="openApplication" is-config="true" duration-ms="6614" started-at="2021-05-04T17:25:43 IST" finished-at="2021-05-04T17:25:50 IST">
          <params>
            <param index="0">
              <value>
                <![CDATA[chromeBrowser]]>
              </value>
            </param>
          </params>
          <reporter-output>
            <line>
              <![CDATA[Chrome is launching successfully]]>
            </line>
            <line>
              <![CDATA[Window is maximized successfully]]>
            </line>
            <line>
              <![CDATA[Login page is displayed successfully]]>
            </line>
          </reporter-output>
        </test-method> <!-- openApplication -->
        <test-method status="PASS" signature="loginToApplication()[pri:0, instance:TestScript.TC_7Test@6121c9d6]" name="loginToApplication" is-config="true" duration-ms="5114" started-at="2021-05-04T17:25:50 IST" finished-at="2021-05-04T17:25:55 IST">
          <reporter-output>
            <line>
              <![CDATA[Homepage is displayed successfully]]>
            </line>
          </reporter-output>
        </test-method> <!-- loginToApplication -->
        <test-method status="FAIL" signature="TC_7()[pri:0, instance:TestScript.TC_7Test@6121c9d6]" name="TC_7" duration-ms="29080" started-at="2021-05-04T17:25:55 IST" finished-at="2021-05-04T17:26:24 IST">
          <exception class="org.openqa.selenium.NoSuchElementException">
            <message>
              <![CDATA[no such element: Unable to locate element: {"method":"xpath","selector":"//input[@name='selected_id' and @id='22']"}
  (Session info: chrome=90.0.4430.93)
For documentation on this error, please visit: https://www.seleniumhq.org/exceptions/no_such_element.html
Build info: version: '3.141.59', revision: 'e82be7d358', time: '2018-11-14T08:17:03'
System info: host: 'LAPTOP-GT6VSVAU', ip: '192.168.101.5', os.name: 'Windows 10', os.arch: 'amd64', os.version: '10.0', java.version: '1.8.0_121'
Driver info: org.openqa.selenium.chrome.ChromeDriver
Capabilities {acceptInsecureCerts: false, browserName: chrome, browserVersion: 90.0.4430.93, chrome: {chromedriverVersion: 89.0.4389.23 (61b08ee2c5002..., userDataDir: C:\Users\Rajvi\AppData\Loca...}, goog:chromeOptions: {debuggerAddress: localhost:62162}, javascriptEnabled: true, networkConnectionEnabled: false, pageLoadStrategy: normal, platform: WINDOWS, platformName: WINDOWS, proxy: Proxy(), setWindowRect: true, strictFileInteractability: false, timeouts: {implicit: 0, pageLoad: 300000, script: 30000}, unhandledPromptBehavior: dismiss and notify, webauthn:extension:largeBlob: true, webauthn:virtualAuthenticators: true}
Session ID: 81d267c5824d53d447a3bd77f72547e6
*** Element info: {Using=xpath, value=//input[@name='selected_id' and @id='22']}]]>
            </message>
            <full-stacktrace>
              <![CDATA[org.openqa.selenium.NoSuchElementException: no such element: Unable to locate element: {"method":"xpath","selector":"//input[@name='selected_id' and @id='22']"}
  (Session info: chrome=90.0.4430.93)
For documentation on this error, please visit: https://www.seleniumhq.org/exceptions/no_such_element.html
Build info: version: '3.141.59', revision: 'e82be7d358', time: '2018-11-14T08:17:03'
System info: host: 'LAPTOP-GT6VSVAU', ip: '192.168.101.5', os.name: 'Windows 10', os.arch: 'amd64', os.version: '10.0', java.version: '1.8.0_121'
Driver info: org.openqa.selenium.chrome.ChromeDriver
Capabilities {acceptInsecureCerts: false, browserName: chrome, browserVersion: 90.0.4430.93, chrome: {chromedriverVersion: 89.0.4389.23 (61b08ee2c5002..., userDataDir: C:\Users\Rajvi\AppData\Loca...}, goog:chromeOptions: {debuggerAddress: localhost:62162}, javascriptEnabled: true, networkConnectionEnabled: false, pageLoadStrategy: normal, platform: WINDOWS, platformName: WINDOWS, proxy: Proxy(), setWindowRect: true, strictFileInteractability: false, timeouts: {implicit: 0, pageLoad: 300000, script: 30000}, unhandledPromptBehavior: dismiss and notify, webauthn:extension:largeBlob: true, webauthn:virtualAuthenticators: true}
Session ID: 81d267c5824d53d447a3bd77f72547e6
*** Element info: {Using=xpath, value=//input[@name='selected_id' and @id='22']}
at sun.reflect.NativeConstructorAccessorImpl.newInstance0(Native Method)
at sun.reflect.NativeConstructorAccessorImpl.newInstance(Unknown Source)
at sun.reflect.DelegatingConstructorAccessorImpl.newInstance(Unknown Source)
at java.lang.reflect.Constructor.newInstance(Unknown Source)
at org.openqa.selenium.remote.http.W3CHttpResponseCodec.createException(W3CHttpResponseCodec.java:187)
at org.openqa.selenium.remote.http.W3CHttpResponseCodec.decode(W3CHttpResponseCodec.java:122)
at org.openqa.selenium.remote.http.W3CHttpResponseCodec.decode(W3CHttpResponseCodec.java:49)
at org.openqa.selenium.remote.HttpCommandExecutor.execute(HttpCommandExecutor.java:158)
at org.openqa.selenium.remote.service.DriverCommandExecutor.execute(DriverCommandExecutor.java:83)
at org.openqa.selenium.remote.RemoteWebDriver.execute(RemoteWebDriver.java:552)
at org.openqa.selenium.remote.RemoteWebDriver.findElement(RemoteWebDriver.java:323)
at org.openqa.selenium.remote.RemoteWebDriver.findElementByXPath(RemoteWebDriver.java:428)
at org.openqa.selenium.By$ByXPath.findElement(By.java:353)
at org.openqa.selenium.remote.RemoteWebDriver.findElement(RemoteWebDriver.java:315)
at org.openqa.selenium.support.pagefactory.DefaultElementLocator.findElement(DefaultElementLocator.java:69)
at org.openqa.selenium.support.pagefactory.internal.LocatingElementHandler.invoke(LocatingElementHandler.java:38)
at com.sun.proxy.$Proxy12.click(Unknown Source)
at TestScript.TC_7Test.TC_7(TC_7Test.java:35)
at sun.reflect.NativeMethodAccessorImpl.invoke0(Native Method)
at sun.reflect.NativeMethodAccessorImpl.invoke(Unknown Source)
at sun.reflect.DelegatingMethodAccessorImpl.invoke(Unknown Source)
at java.lang.reflect.Method.invoke(Unknown Source)
at org.testng.internal.MethodInvocationHelper.invokeMethod(MethodInvocationHelper.java:132)
at org.testng.internal.TestInvoker.invokeMethod(TestInvoker.java:599)
at org.testng.internal.TestInvoker.invokeTestMethod(TestInvoker.java:174)
at org.testng.internal.MethodRunner.runInSequence(MethodRunner.java:46)
at org.testng.internal.TestInvoker$MethodInvocationAgent.invoke(TestInvoker.java:822)
at org.testng.internal.TestInvoker.invokeTestMethods(TestInvoker.java:147)
at org.testng.internal.TestMethodWorker.invokeTestMethods(TestMethodWorker.java:146)
at org.testng.internal.TestMethodWorker.run(TestMethodWorker.java:128)
at java.util.ArrayList.forEach(Unknown Source)
at org.testng.TestRunner.privateRun(TestRunner.java:764)
at org.testng.TestRunner.run(TestRunner.java:585)
at org.testng.SuiteRunner.runTest(SuiteRunner.java:384)
at org.testng.SuiteRunner.access$000(SuiteRunner.java:28)
at org.testng.SuiteRunner$SuiteWorker.run(SuiteRunner.java:425)
at org.testng.internal.thread.ThreadUtil.lambda$execute$0(ThreadUtil.java:66)
at java.util.concurrent.FutureTask.run(Unknown Source)
at java.util.concurrent.ThreadPoolExecutor.runWorker(Unknown Source)
at java.util.concurrent.ThreadPoolExecutor$Worker.run(Unknown Source)
at java.lang.Thread.run(Unknown Source)
]]>
            </full-stacktrace>
          </exception> <!-- org.openqa.selenium.NoSuchElementException -->
          <reporter-output>
            <line>
              <![CDATA[Contact list page is displayed]]>
            </line>
          </reporter-output>
        </test-method> <!-- TC_7 -->
        <test-method status="PASS" signature="logoutFromApplication()[pri:0, instance:TestScript.TC_7Test@6121c9d6]" name="logoutFromApplication" is-config="true" duration-ms="2425" started-at="2021-05-04T17:26:24 IST" finished-at="2021-05-04T17:26:27 IST">
          <reporter-output>
            <line>
              <![CDATA[user is logged out successfully]]>
            </line>
          </reporter-output>
        </test-method> <!-- logoutFromApplication -->
        <test-method status="PASS" signature="CloseApp()[pri:0, instance:TestScript.TC_7Test@6121c9d6]" name="CloseApp" is-config="true" duration-ms="1824" started-at="2021-05-04T17:26:27 IST" finished-at="2021-05-04T17:26:28 IST">
          <reporter-output>
          </reporter-output>
        </test-method> <!-- CloseApp -->
      </class> <!-- TestScript.TC_7Test -->
      <class name="TestScript.TC_6Test">
        <test-method status="PASS" signature="openApplication(java.lang.String)[pri:0, instance:TestScript.TC_6Test@87f383f]" name="openApplication" is-config="true" duration-ms="5645" started-at="2021-05-04T17:26:28 IST" finished-at="2021-05-04T17:26:34 IST">
          <params>
            <param index="0">
              <value>
                <![CDATA[chromeBrowser]]>
              </value>
            </param>
          </params>
          <reporter-output>
            <line>
              <![CDATA[Chrome is launching successfully]]>
            </line>
            <line>
              <![CDATA[Window is maximized successfully]]>
            </line>
            <line>
              <![CDATA[Login page is displayed successfully]]>
            </line>
          </reporter-output>
        </test-method> <!-- openApplication -->
        <test-method status="PASS" signature="loginToApplication()[pri:0, instance:TestScript.TC_6Test@87f383f]" name="loginToApplication" is-config="true" duration-ms="5102" started-at="2021-05-04T17:26:34 IST" finished-at="2021-05-04T17:26:39 IST">
          <reporter-output>
            <line>
              <![CDATA[Homepage is displayed successfully]]>
            </line>
          </reporter-output>
        </test-method> <!-- loginToApplication -->
        <test-method status="PASS" signature="TC_6()[pri:0, instance:TestScript.TC_6Test@87f383f]" name="TC_6" duration-ms="16970" started-at="2021-05-04T17:26:39 IST" finished-at="2021-05-04T17:26:56 IST">
          <reporter-output>
            <line>
              <![CDATA[Contact list page is displayed]]>
            </line>
            <line>
              <![CDATA[create new contact page is displayed]]>
            </line>
            <line>
              <![CDATA[contact is created with below msg[ CON** ] devika patel - Contact Information   Updated today Contact name should be display]]>
            </line>
          </reporter-output>
        </test-method> <!-- TC_6 -->
        <test-method status="PASS" signature="logoutFromApplication()[pri:0, instance:TestScript.TC_6Test@87f383f]" name="logoutFromApplication" is-config="true" duration-ms="1940" started-at="2021-05-04T17:26:56 IST" finished-at="2021-05-04T17:26:58 IST">
          <reporter-output>
            <line>
              <![CDATA[user is logged out successfully]]>
            </line>
          </reporter-output>
        </test-method> <!-- logoutFromApplication -->
        <test-method status="PASS" signature="CloseApp()[pri:0, instance:TestScript.TC_6Test@87f383f]" name="CloseApp" is-config="true" duration-ms="960" started-at="2021-05-04T17:26:58 IST" finished-at="2021-05-04T17:26:59 IST">
          <reporter-output>
          </reporter-output>
        </test-method> <!-- CloseApp -->
      </class> <!-- TestScript.TC_6Test -->
    </test> <!-- Test1 -->
  </suite> <!-- Suite -->
</testng-results>
